<?xml version="1.0" encoding="UTF-8"?>
<!-- Generated by org.testng.reporters.JUnitReportReporter -->
<testsuite skipped="0" hostname="LAPTOP-OFIJ2E99" name="com.parameters.ParameterTest" tests="1" failures="0" timestamp="09 Jul 2019 05:56:51 GMT" time="12.026" errors="0">
  <testcase name="loginTest" time="12.026" classname="com.parameters.ParameterTest"/>
</testsuite> <!-- com.parameters.ParameterTest -->
