<?xml version="1.0" encoding="UTF-8"?>
<!-- Generated by org.testng.reporters.JUnitReportReporter -->
<testsuite skipped="0" hostname="LAPTOP-OFIJ2E99" name="testngframework.TestNGFramework1" tests="2" failures="0" timestamp="06 Jul 2019 23:51:18 GMT" time="17.025" errors="0">
  <testcase name="gmaillogoTest" time="8.910" classname="testngframework.TestNGFramework1"/>
  <testcase name="clickongmailTest" time="8.115" classname="testngframework.TestNGFramework1"/>
</testsuite> <!-- testngframework.TestNGFramework1 -->
