<?xml version="1.0" encoding="UTF-8"?>
<!-- Generated by org.testng.reporters.JUnitReportReporter -->
<testsuite skipped="0" hostname="LAPTOP-OFIJ2E99" name="testngframework.TestNGFeatures" tests="1" failures="0" timestamp="09 Jul 2019 04:01:34 GMT" time="0.003" errors="0">
  <testcase name="loginTest" time="0.003" classname="testngframework.TestNGFeatures"/>
</testsuite> <!-- testngframework.TestNGFeatures -->
