<?xml version="1.0" encoding="UTF-8"?>
<!-- Generated by org.testng.reporters.JUnitReportReporter -->
<testsuite skipped="0" hostname="LAPTOP-OFIJ2E99" name="testngframework.ExpectedException" tests="1" failures="0" timestamp="09 Jul 2019 04:01:34 GMT" time="0.016" errors="0">
  <testcase name="exceptionsTest" time="0.016" classname="testngframework.ExpectedException"/>
</testsuite> <!-- testngframework.ExpectedException -->
