<?xml version="1.0" encoding="UTF-8"?>
<!-- Generated by org.testng.reporters.JUnitReportReporter -->
<testsuite skipped="0" hostname="LAPTOP-OFIJ2E99" name="testngframework.InvocationCount" tests="20" failures="0" timestamp="09 Jul 2019 04:01:34 GMT" time="0.063" errors="0">
  <testcase name="swapingTest" time="0.003" classname="testngframework.InvocationCount"/>
  <testcase name="swapingTest1" time="0.002" classname="testngframework.InvocationCount"/>
  <testcase name="swapingTest1" time="0.004" classname="testngframework.InvocationCount"/>
  <testcase name="swapingTest1" time="0.002" classname="testngframework.InvocationCount"/>
  <testcase name="swapingTest" time="0.003" classname="testngframework.InvocationCount"/>
  <testcase name="swapingTest" time="0.002" classname="testngframework.InvocationCount"/>
  <testcase name="swapingTest" time="0.003" classname="testngframework.InvocationCount"/>
  <testcase name="swapingTest1" time="0.002" classname="testngframework.InvocationCount"/>
  <testcase name="swapingTest" time="0.003" classname="testngframework.InvocationCount"/>
  <testcase name="swapingTest" time="0.004" classname="testngframework.InvocationCount"/>
  <testcase name="swapingTest1" time="0.002" classname="testngframework.InvocationCount"/>
  <testcase name="swapingTest1" time="0.004" classname="testngframework.InvocationCount"/>
  <testcase name="swapingTest" time="0.004" classname="testngframework.InvocationCount"/>
  <testcase name="swapingTest" time="0.003" classname="testngframework.InvocationCount"/>
  <testcase name="swapingTest1" time="0.004" classname="testngframework.InvocationCount"/>
  <testcase name="swapingTest1" time="0.001" classname="testngframework.InvocationCount"/>
  <testcase name="swapingTest1" time="0.005" classname="testngframework.InvocationCount"/>
  <testcase name="swapingTest" time="0.002" classname="testngframework.InvocationCount"/>
  <testcase name="swapingTest" time="0.007" classname="testngframework.InvocationCount"/>
  <testcase name="swapingTest1" time="0.003" classname="testngframework.InvocationCount"/>
</testsuite> <!-- testngframework.InvocationCount -->
