<?xml version="1.0" encoding="UTF-8"?>
<!-- Generated by org.testng.reporters.JUnitReportReporter -->
<testsuite skipped="0" hostname="LAPTOP-OFIJ2E99" name="testngframework.TestNGBasic" tests="3" failures="0" timestamp="09 Jul 2019 04:01:34 GMT" time="22.447" errors="0">
  <testcase name="test3" time="7.700" classname="testngframework.TestNGBasic"/>
  <testcase name="test2" time="7.070" classname="testngframework.TestNGBasic"/>
  <testcase name="test1" time="7.677" classname="testngframework.TestNGBasic"/>
</testsuite> <!-- testngframework.TestNGBasic -->
